<?xml version="1.0" encoding="UTF-8"?>
<testsuite xmlns:xsi="http://www.w3.org/2001/XMLSchema-instance" xsi:noNamespaceSchemaLocation="https://maven.apache.org/surefire/maven-surefire-plugin/xsd/surefire-test-report-3.0.xsd" version="3.0" name="br.ce.wcaquino.servicos.LocacaoServiceTest" time="0.418" tests="10" errors="0" skipped="0" failures="0">
  <properties>
[...]
</properties>
  <testcase name="naoDeveAlugarFilmeSemEstoque" classname="br.ce.wcaquino.servicos.LocacaoServiceTest" time="0.391">
    <system-out><![CDATA[Iniciando 2 ....
Finalizando 2 ....
]]></system-out>
  </testcase>
  <testcase name="naoDeveAlugarFilmeSemFilme" classname="br.ce.wcaquino.servicos.LocacaoServiceTest" time="0.405">
    <system-out><![CDATA[Iniciando 2 ....
Finalizando 2 ....
]]></system-out>
  </testcase>
  <testcase name="deveProrrogarUmaLocacao" classname="br.ce.wcaquino.servicos.LocacaoServiceTest" time="0.417">
    <system-out><![CDATA[Iniciando 2 ....
Finalizando 2 ....
]]></system-out>
  </testcase>
  <testcase name="deveTratarErroNoSPC" classname="br.ce.wcaquino.servicos.LocacaoServiceTest" time="0.404">
    <system-out><![CDATA[Iniciando 2 ....
Finalizando 2 ....
]]></system-out>
  </testcase>
  <testcase name="deveEnviarEmailParaLocacoesAtrasadas" classname="br.ce.wcaquino.servicos.LocacaoServiceTest" time="0.411">
    <system-out><![CDATA[Iniciando 2 ....
Finalizando 2 ....
]]></system-out>
  </testcase>
  <testcase name="deveAlugarFilme" classname="br.ce.wcaquino.servicos.LocacaoServiceTest" time="0.405">
    <system-out><![CDATA[Iniciando 2 ....
Estou calculando...
Finalizando 2 ....
]]></system-out>
  </testcase>
  <testcase name="naoDeveAlugarFilmeSemUsuario" classname="br.ce.wcaquino.servicos.LocacaoServiceTest" time="0.383">
    <system-out><![CDATA[Iniciando 2 ....
Finalizando 2 ....
]]></system-out>
  </testcase>
  <testcase name="naoDeveAlugarFilmeParaNegativadoSPC" classname="br.ce.wcaquino.servicos.LocacaoServiceTest" time="0.366">
    <system-out><![CDATA[Iniciando 2 ....
Finalizando 2 ....
]]></system-out>
  </testcase>
  <testcase name="deveCalcularValorLocacao" classname="br.ce.wcaquino.servicos.LocacaoServiceTest" time="0.357">
    <system-out><![CDATA[Iniciando 2 ....
Estou calculando...
Finalizando 2 ....
]]></system-out>
  </testcase>
  <testcase name="deveDevolverNaSegundaAoAlugarNoSabado" classname="br.ce.wcaquino.servicos.LocacaoServiceTest" time="0.371">
    <system-out><![CDATA[Iniciando 2 ....
Estou calculando...
Finalizando 2 ....
]]></system-out>
  </testcase>
</testsuite>